\BOOKMARK [0][]{chapter.1}{\376\377\0001\000\040\000I\000n\000t\000r\000o\000d\000u\000c\000t\000i\000o\000n}{}% 1
\BOOKMARK [0][]{chapter.2}{\376\377\0002\000\040\000D\000e\000s\000c\000r\000i\000p\000t\000i\000o\000n}{}% 2
\BOOKMARK [1][]{section.2.1}{\376\377\0002\000.\0001\000\040\000P\000r\000e\000r\000e\000q\000u\000i\000s\000i\000t\000e\000s}{chapter.2}% 3
\BOOKMARK [1][]{section.2.2}{\376\377\0002\000.\0002\000\040\000G\000e\000t\000t\000i\000n\000g\000\040\000S\000t\000a\000r\000t\000e\000d}{chapter.2}% 4
\BOOKMARK [1][]{section.2.3}{\376\377\0002\000.\0003\000\040\000U\000s\000a\000g\000e}{chapter.2}% 5
\BOOKMARK [2][]{subsection.2.3.1}{\376\377\0002\000.\0003\000.\0001\000\040\000c\000o\000n\000n\000e\000c\000t}{section.2.3}% 6
\BOOKMARK [2][]{subsection.2.3.2}{\376\377\0002\000.\0003\000.\0002\000\040\000d\000e\000f\000i\000n\000i\000t\000i\000o\000n}{section.2.3}% 7
\BOOKMARK [1][]{section.2.4}{\376\377\0002\000.\0004\000\040\000E\000x\000a\000m\000p\000l\000e}{chapter.2}% 8
\BOOKMARK [1][]{section.2.5}{\376\377\0002\000.\0005\000\040\000C\000o\000n\000t\000r\000i\000b\000u\000t\000i\000o\000n\000\040\000G\000u\000i\000d\000e\000l\000i\000n\000e\000s}{chapter.2}% 9
\BOOKMARK [1][]{section.2.6}{\376\377\0002\000.\0006\000\040\000C\000o\000n\000f\000i\000g\000u\000r\000e\000\040\000G\000i\000t\000\040\000a\000n\000d\000\040\000c\000o\000r\000r\000e\000c\000t\000\040\000E\000O\000L\000\040\000h\000a\000n\000d\000l\000i\000n\000g}{chapter.2}% 10
\BOOKMARK [1][]{section.2.7}{\376\377\0002\000.\0007\000\040\000S\000o\000u\000r\000c\000e\000c\000o\000d\000e\000\040\000D\000o\000c\000u\000m\000e\000n\000t\000a\000t\000i\000o\000n}{chapter.2}% 11
\BOOKMARK [1][]{section.2.8}{\376\377\0002\000.\0008\000\040\000F\000e\000e\000d\000b\000a\000c\000k}{chapter.2}% 12
\BOOKMARK [1][]{section.2.9}{\376\377\0002\000.\0009\000\040\000A\000b\000o\000u\000t}{chapter.2}% 13
\BOOKMARK [2][]{subsection.2.9.1}{\376\377\0002\000.\0009\000.\0001\000\040\000M\000a\000i\000n\000t\000a\000i\000n\000e\000r\000s}{section.2.9}% 14
\BOOKMARK [2][]{subsection.2.9.2}{\376\377\0002\000.\0009\000.\0002\000\040\000C\000o\000n\000t\000r\000i\000b\000u\000t\000o\000r\000s}{section.2.9}% 15
\BOOKMARK [2][]{subsection.2.9.3}{\376\377\0002\000.\0009\000.\0003\000\040\0003\000r\000d\000\040\000P\000a\000r\000t\000y\000\040\000L\000i\000c\000e\000n\000s\000e\000s}{section.2.9}% 16
\BOOKMARK [2][]{subsection.2.9.4}{\376\377\0002\000.\0009\000.\0004\000\040\000U\000s\000e\000d\000\040\000E\000n\000c\000r\000y\000p\000t\000i\000o\000n}{section.2.9}% 17
\BOOKMARK [2][]{subsection.2.9.5}{\376\377\0002\000.\0009\000.\0005\000\040\000L\000i\000c\000e\000n\000s\000e}{section.2.9}% 18
\BOOKMARK [0][]{chapter.3}{\376\377\0003\000\040\000e\000l\000e\000m\000e\000n\000t\000\137\000h\000a\000n\000d\000l\000e\000r\000.\000p\000y}{}% 19
\BOOKMARK [1][]{section.3.1}{\376\377\0003\000.\0001\000\040\000C\000l\000a\000s\000s\000:\000\040\000E\000l\000e\000m\000e\000n\000t\000A\000c\000t\000i\000o\000n\000H\000a\000n\000d\000l\000e\000r}{chapter.3}% 20
\BOOKMARK [2][]{subsection.3.1.1}{\376\377\0003\000.\0001\000.\0001\000\040\000M\000e\000t\000h\000o\000d\000:\000\040\000g\000e\000t\000\137\000s\000u\000p\000p\000o\000r\000t\000e\000d\000\137\000l\000e\000v\000e\000l}{section.3.1}% 21
\BOOKMARK [2][]{subsection.3.1.2}{\376\377\0003\000.\0001\000.\0002\000\040\000M\000e\000t\000h\000o\000d\000:\000\040\000g\000e\000t\000\137\000a\000t\000t\000r\000i\000b\000u\000t\000e}{section.3.1}% 22
\BOOKMARK [2][]{subsection.3.1.3}{\376\377\0003\000.\0001\000.\0003\000\040\000M\000e\000t\000h\000o\000d\000:\000\040\000d\000i\000v\000e\000r\000t\000\137\000a\000c\000t\000i\000o\000n}{section.3.1}% 23
\BOOKMARK [0][]{chapter.4}{\376\377\0004\000\040\000w\000i\000n\000a\000p\000p\000\137\000c\000l\000i\000e\000n\000t\000.\000p\000y}{}% 24
\BOOKMARK [1][]{section.4.1}{\376\377\0004\000.\0001\000\040\000C\000l\000a\000s\000s\000:\000\040\000C\000u\000s\000t\000o\000m\000W\000e\000b\000D\000r\000i\000v\000e\000r}{chapter.4}% 25
\BOOKMARK [2][]{subsection.4.1.1}{\376\377\0004\000.\0001\000.\0001\000\040\000M\000e\000t\000h\000o\000d\000:\000\040\000s\000t\000a\000r\000t\000\137\000s\000e\000s\000s\000i\000o\000n}{section.4.1}% 26
\BOOKMARK [1][]{section.4.2}{\376\377\0004\000.\0002\000\040\000C\000l\000a\000s\000s\000:\000\040\000W\000i\000n\000a\000p\000p\000C\000o\000n\000f\000i\000g}{chapter.4}% 27
\BOOKMARK [1][]{section.4.3}{\376\377\0004\000.\0003\000\040\000C\000l\000a\000s\000s\000:\000\040\000W\000i\000n\000A\000p\000p\000C\000l\000i\000e\000n\000t}{chapter.4}% 28
\BOOKMARK [2][]{subsection.4.3.1}{\376\377\0004\000.\0003\000.\0001\000\040\000M\000e\000t\000h\000o\000d\000:\000\040\000c\000o\000n\000n\000e\000c\000t}{section.4.3}% 29
\BOOKMARK [2][]{subsection.4.3.2}{\376\377\0004\000.\0003\000.\0002\000\040\000M\000e\000t\000h\000o\000d\000:\000\040\000p\000e\000r\000f\000o\000r\000m\000\137\000a\000c\000t\000i\000o\000n}{section.4.3}% 30
\BOOKMARK [2][]{subsection.4.3.3}{\376\377\0004\000.\0003\000.\0003\000\040\000M\000e\000t\000h\000o\000d\000:\000\040\000s\000e\000n\000d\000\137\000o\000b\000j}{section.4.3}% 31
\BOOKMARK [2][]{subsection.4.3.4}{\376\377\0004\000.\0003\000.\0004\000\040\000M\000e\000t\000h\000o\000d\000:\000\040\000w\000a\000i\000t\000\137\0004\000\137\000t\000r\000a\000c\000e}{section.4.3}% 32
\BOOKMARK [2][]{subsection.4.3.5}{\376\377\0004\000.\0003\000.\0005\000\040\000M\000e\000t\000h\000o\000d\000:\000\040\000d\000i\000s\000c\000o\000n\000n\000e\000c\000t}{section.4.3}% 33
\BOOKMARK [2][]{subsection.4.3.6}{\376\377\0004\000.\0003\000.\0006\000\040\000M\000e\000t\000h\000o\000d\000:\000\040\000q\000u\000i\000t}{section.4.3}% 34
\BOOKMARK [0][]{chapter.5}{\376\377\0005\000\040\000A\000p\000p\000e\000n\000d\000i\000x}{}% 35
\BOOKMARK [0][]{chapter.6}{\376\377\0006\000\040\000H\000i\000s\000t\000o\000r\000y}{}% 36
